
> vibe-generated-app@1.0.0 dev
> vite


  VITE v5.4.20  ready in 212 ms

  ➜  Local:   http://localhost:3000/
  ➜  Network: http://172.20.115.63:3000/
4:24:54 PM [vite] Pre-transform error: Transform failed with 2 errors:
/home/workspace/src/App.jsx:68:9: ERROR: The symbol "Routes" has already been declared
/home/workspace/src/App.jsx:68:17: ERROR: The symbol "Route" has already been declared
4:24:55 PM [vite] Internal server error: Transform failed with 2 errors:
/home/workspace/src/App.jsx:68:9: ERROR: The symbol "Routes" has already been declared
/home/workspace/src/App.jsx:68:17: ERROR: The symbol "Route" has already been declared
  Plugin: vite:esbuild
  File: /home/workspace/src/App.jsx:68:9
  
  The symbol "Routes" has already been declared
  66 |  }
  67 |  
  68 |  import { Routes, Route, Outlet, useLocation } from 'react-router-dom'
     |           ^
  69 |  
  70 |  function useLangRouting() {
  
  The symbol "Route" has already been declared
  66 |  }
  67 |  
  68 |  import { Routes, Route, Outlet, useLocation } from 'react-router-dom'
     |                   ^
  69 |  
  70 |  function useLangRouting() {
  
      at failureErrorWithLog (/home/workspace/node_modules/esbuild/lib/main.js:1472:15)
      at /home/workspace/node_modules/esbuild/lib/main.js:755:50
      at responseCallbacks.<computed> (/home/workspace/node_modules/esbuild/lib/main.js:622:9)
      at handleIncomingPacket (/home/workspace/node_modules/esbuild/lib/main.js:677:12)
      at Socket.readFromStdout (/home/workspace/node_modules/esbuild/lib/main.js:600:7)
      at Socket.emit (node:events:508:28)
      at addChunk (node:internal/streams/readable:559:12)
      at readableAddChunkPushByteMode (node:internal/streams/readable:510:3)
      at Readable.push (node:internal/streams/readable:390:5)
      at Pipe.onStreamRead (node:internal/stream_base_commons:189:23)
